<?xml version="1.0" encoding="utf-8"?><testsuites name="pytest tests"><testsuite name="pytest" errors="0" failures="0" skipped="0" tests="10" time="3.837" timestamp="2026-09-25T00:49:43.954091+00:00" hostname="agent-env-46c6dcfa-0f01-4991-a743-a580ea2bc797"><testcase classname="tests.test_profile_directory.TestDirectory" name="test_directory_requires_auth" time="0.329" /><testcase classname="tests.test_profile_directory.TestProfilePhoto" name="test_upload_and_serve" time="1.136" /><testcase classname="tests.test_profile_directory.TestDirectory" name="test_directory_member_access" time="0.615" /><testcase classname="tests.test_profile_directory.TestProfilePhoto" name="test_reject_non_image" time="0.087" /><testcase classname="tests.test_profile_directory.TestProfilePhoto" name="test_remove_photo" time="0.279" /><testcase classname="tests.test_profile_directory.TestProfilePhoto" name="test_upload_requires_auth" time="0.136" /><testcase classname="tests.test_profile_directory.TestDirectory" name="test_directory_admin_access" time="1.688" /><testcase classname="tests.test_profile_directory.TestProfileUpdate" name="test_patch_persists" time="0.180" /><testcase classname="tests.test_profile_directory.TestProfileUpdate" name="test_patch_requires_auth" time="0.151" /><testcase classname="tests.test_profile_directory.TestProfileUpdate" name="test_patch_only_updates_own_profile" time="0.163" /></testsuite></testsuites>