<?xml version="1.0" encoding="utf-8"?><testsuites name="pytest tests"><testsuite name="pytest" errors="0" failures="0" skipped="0" tests="32" time="8.690" timestamp="2026-09-24T02:14:38.887654+00:00" hostname="agent-env-97bd3006-fd10-49ec-802c-b662a2bd2079"><testcase classname="tests.backend_test.TestHelpRequests" name="test_help_requests_requires_admin" time="0.548" /><testcase classname="tests.backend_test.TestMemberAdmin" name="test_list_members_as_admin" time="0.346" /><testcase classname="tests.backend_test.TestMemberAdmin" name="test_create_member_and_verify_persistence" time="0.516" /><testcase classname="tests.backend_test.TestHelpRequests" name="test_member_submits_contact_appears_in_inbox_and_no_mongo_id" time="0.651" /><testcase classname="tests.backend_test.TestMemberAdmin" name="test_duplicate_email_409" time="0.378" /><testcase classname="tests.backend_test.TestHelpRequests" name="test_status_workflow_patch" time="0.680" /><testcase classname="tests.backend_test.TestMemberAdmin" name="test_patch_role_and_deactivate" time="0.376" /><testcase classname="tests.backend_test.TestMemberAdmin" name="test_resend_invite" time="0.346" /><testcase classname="tests.backend_test.TestHelpRequests" name="test_patch_invalid_status_422" time="0.432" /><testcase classname="tests.backend_test.TestMemberAdmin" name="test_admin_cannot_deactivate_self" time="0.271" /><testcase classname="tests.backend_test.TestVerify" name="test_verify_sets_cookie_and_returns_member" time="0.241" /><testcase classname="tests.backend_test.TestHelpRequests" name="test_patch_missing_id_404" time="0.185" /><testcase classname="tests.backend_test.TestVerify" name="test_token_is_single_use" time="0.296" /><testcase classname="tests.backend_test.TestHelpRequests" name="test_member_cannot_patch_help_request" time="1.316" /><testcase classname="tests.backend_test.TestVerify" name="test_garbage_token_400" time="0.227" /><testcase classname="tests.backend_test.TestVerify" name="test_me_without_cookie_401" time="0.146" /><testcase classname="tests.backend_test.TestVerify" name="test_logout_clears_cookie" time="0.187" /><testcase classname="tests.backend_test.TestRequestLink" name="test_authorized_email_returns_generic" time="0.133" /><testcase classname="tests.backend_test.TestRequestLink" name="test_unauthorized_email_returns_same_generic" time="0.164" /><testcase classname="tests.backend_test.TestRequestLink" name="test_invalid_email_format_422" time="0.123" /><testcase classname="tests.backend_test.TestProtected" name="test_content_requires_auth" time="0.136" /><testcase classname="tests.backend_test.TestProtected" name="test_members_requires_auth" time="0.125" /><testcase classname="tests.backend_test.TestNonAdminAuthz" name="test_member_cannot_list_members" time="0.263" /><testcase classname="tests.backend_test.TestProtected" name="test_content_as_admin" time="0.215" /><testcase classname="tests.backend_test.TestNonAdminAuthz" name="test_member_cannot_create_member" time="0.234" /><testcase classname="tests.backend_test.TestContact" name="test_contact_requires_auth" time="0.163" /><testcase classname="tests.backend_test.TestNonAdminAuthz" name="test_member_cannot_put_content" time="0.227" /><testcase classname="tests.backend_test.TestContact" name="test_contact_submit_as_admin" time="0.288" /><testcase classname="tests.backend_test.TestNonAdminAuthz" name="test_member_can_get_content" time="0.183" /><testcase classname="tests.backend_test.TestFileAccess" name="test_role_gating_on_file_download" time="3.105" /><testcase classname="tests.backend_test.TestNonAdminAuthz" name="test_deactivation_revokes_existing_session" time="1.086" /><testcase classname="tests.backend_test.TestFileAccess" name="test_file_download_requires_auth" time="0.131" /></testsuite></testsuites>