<?xml version="1.0" encoding="utf-8"?><testsuites name="pytest tests"><testsuite name="pytest" errors="0" failures="0" skipped="0" tests="38" time="7.269" timestamp="2026-09-24T04:54:17.875516+00:00" hostname="agent-env-46c6dcfa-0f01-4991-a743-a580ea2bc797"><testcase classname="tests.test_disbursements.TestDisbursementCRUD" name="test_member_cannot_create" time="0.743" /><testcase classname="tests.test_disbursements.TestDisbursementsList" name="test_admin_sees_all" time="0.743" /><testcase classname="tests.test_disbursements.TestDisbursementsList" name="test_member_only_sees_own" time="0.519" /><testcase classname="tests.test_disbursements.TestDisbursementCRUD" name="test_biz_cannot_create" time="0.580" /><testcase classname="tests.test_disbursements.TestDisbursementsList" name="test_biz_sees_all" time="0.568" /><testcase classname="tests.test_disbursements.TestDisbursementCRUD" name="test_admin_create_and_persist" time="0.904" /><testcase classname="tests.test_disbursements.TestDisbursementsList" name="test_filter_by_status" time="0.064" /><testcase classname="tests.test_disbursements.TestDisbursementsList" name="test_filter_by_member" time="0.202" /><testcase classname="tests.test_disbursements.TestDisbursementsList" name="test_filter_by_date" time="0.063" /><testcase classname="tests.test_disbursements.TestDisbursementsList" name="test_summary" time="0.063" /><testcase classname="tests.test_disbursements.TestLogin" name="test_admin_password_login" time="0.492" /><testcase classname="tests.test_disbursements.TestDisbursementCRUD" name="test_admin_update_amount_and_status" time="0.229" /><testcase classname="tests.test_disbursements.TestDisbursementCRUD" name="test_audit_log_has_create_and_edit" time="0.200" /><testcase classname="tests.test_disbursements.TestDisbursementCRUD" name="test_member_cannot_view_audit" time="0.104" /><testcase classname="tests.test_disbursements.TestLogin" name="test_member_login" time="0.505" /><testcase classname="tests.test_disbursements.TestDisbursementCRUD" name="test_receipt_pdf" time="0.189" /><testcase classname="tests.test_disbursements.TestDisbursementCRUD" name="test_invalid_amount_422" time="0.208" /><testcase classname="tests.test_disbursements.TestDisbursementCRUD" name="test_invalid_method_422" time="0.056" /><testcase classname="tests.test_disbursements.TestDisbursementCRUD" name="test_unknown_member_404" time="0.059" /><testcase classname="tests.test_disbursements.TestLogin" name="test_biz_login" time="0.579" /><testcase classname="tests.test_disbursements.TestStripe" name="test_status_endpoint" time="0.058" /><testcase classname="tests.test_disbursements.TestStripe" name="test_onboard_endpoint_handles_gracefully" time="0.462" /><testcase classname="tests.test_disbursements.TestStripe" name="test_onboard_status_not_connected" time="0.060" /><testcase classname="tests.test_disbursements.TestLogin" name="test_bad_password_401" time="0.374" /><testcase classname="tests.test_disbursements.TestStripe" name="test_tax_self" time="0.063" /><testcase classname="tests.test_disbursements.TestMemberScoped" name="test_member_can_acknowledge_own" time="0.689" /><testcase classname="tests.test_disbursements.TestFund" name="test_admin_can_read_fund" time="0.112" /><testcase classname="tests.test_disbursements.TestFund" name="test_member_cannot_read_fund" time="0.063" /><testcase classname="tests.test_disbursements.TestFund" name="test_biz_can_read_fund" time="0.196" /><testcase classname="tests.test_disbursements.TestTimezone" name="test_patch_timezone_valid" time="0.142" /><testcase classname="tests.test_disbursements.TestMemberScoped" name="test_member_cannot_acknowledge_other" time="0.120" /><testcase classname="tests.test_disbursements.TestTimezone" name="test_patch_timezone_invalid_422" time="0.110" /><testcase classname="tests.test_disbursements.TestMemberScoped" name="test_member_cannot_view_other_statement" time="0.066" /><testcase classname="tests.test_disbursements.TestResendEmail" name="test_resend_receipt_demo_member_400_expected" time="0.435" /><testcase classname="tests.test_disbursements.TestTimezone" name="test_timezone_requires_auth" time="0.179" /><testcase classname="tests.test_disbursements.TestCategories" name="test_list_categories" time="0.068" /><testcase classname="tests.test_disbursements.TestResendEmail" name="test_receipt_email_to_admin_success" time="0.528" /><testcase classname="tests.test_disbursements.TestResendEmail" name="test_statement_email_to_admin_success" time="0.289" /></testsuite></testsuites>