<?xml version="1.0" encoding="utf-8"?><testsuites name="pytest tests"><testsuite name="pytest" errors="0" failures="0" skipped="0" tests="24" time="4.209" timestamp="2026-09-24T01:39:42.472337+00:00" hostname="agent-env-97bd3006-fd10-49ec-802c-b662a2bd2079"><testcase classname="tests.backend_test.TestVerify" name="test_verify_sets_cookie_and_returns_member" time="0.449" /><testcase classname="tests.backend_test.TestMemberAdmin" name="test_list_members_as_admin" time="0.459" /><testcase classname="tests.backend_test.TestVerify" name="test_token_is_single_use" time="0.384" /><testcase classname="tests.backend_test.TestMemberAdmin" name="test_create_member_and_verify_persistence" time="0.271" /><testcase classname="tests.backend_test.TestVerify" name="test_garbage_token_400" time="0.200" /><testcase classname="tests.backend_test.TestMemberAdmin" name="test_duplicate_email_409" time="0.314" /><testcase classname="tests.backend_test.TestVerify" name="test_me_without_cookie_401" time="0.120" /><testcase classname="tests.backend_test.TestVerify" name="test_logout_clears_cookie" time="0.231" /><testcase classname="tests.backend_test.TestMemberAdmin" name="test_patch_role_and_deactivate" time="0.418" /><testcase classname="tests.backend_test.TestNonAdminAuthz" name="test_member_cannot_list_members" time="0.217" /><testcase classname="tests.backend_test.TestMemberAdmin" name="test_resend_invite" time="0.348" /><testcase classname="tests.backend_test.TestNonAdminAuthz" name="test_member_cannot_create_member" time="0.222" /><testcase classname="tests.backend_test.TestMemberAdmin" name="test_admin_cannot_deactivate_self" time="0.276" /><testcase classname="tests.backend_test.TestNonAdminAuthz" name="test_member_cannot_put_content" time="0.217" /><testcase classname="tests.backend_test.TestRequestLink" name="test_authorized_email_returns_generic" time="0.180" /><testcase classname="tests.backend_test.TestNonAdminAuthz" name="test_member_can_get_content" time="0.248" /><testcase classname="tests.backend_test.TestRequestLink" name="test_unauthorized_email_returns_same_generic" time="0.227" /><testcase classname="tests.backend_test.TestNonAdminAuthz" name="test_deactivation_revokes_existing_session" time="0.655" /><testcase classname="tests.backend_test.TestRequestLink" name="test_invalid_email_format_422" time="0.127" /><testcase classname="tests.backend_test.TestContact" name="test_contact_requires_auth" time="0.124" /><testcase classname="tests.backend_test.TestContact" name="test_contact_submit_as_admin" time="0.192" /><testcase classname="tests.backend_test.TestProtected" name="test_content_requires_auth" time="0.113" /><testcase classname="tests.backend_test.TestProtected" name="test_members_requires_auth" time="0.116" /><testcase classname="tests.backend_test.TestProtected" name="test_content_as_admin" time="0.189" /></testsuite></testsuites>